Using pre-set license
Built from '2020.3/release' branch; Version is '2020.3.7f1 (dd97f2c94397) revision 14522354'; Using compiler version '192528614'; Build Type 'Release'
OS: 'Windows 10 Home; OS build 19042.1348; Version 2009; 64bit' Language: 'en' Physical Memory: 16233 MB
BatchMode: 1, IsHumanControllingUs: 0, StartBugReporterOnCrash: 0, Is64bit: 1, IsPro: 0

 COMMAND LINE ARGUMENTS:
C:\Program Files\Unity\Hub\Editor\2020.3.7f1\Editor\Unity.exe
-adb2
-batchMode
-noUpm
-name
AssetImportWorker0
-projectPath
C:/Users/mikey/Documents/Ma/Bewijzenmap/X 2/Y 2 (Vertical Slice)/BO/VerticalSliceTeam10/Castle Crashers/MovementTemplate
-logFile
Logs/AssetImportWorker0.log
-srvPort
59557
Successfully changed project path to: C:/Users/mikey/Documents/Ma/Bewijzenmap/X 2/Y 2 (Vertical Slice)/BO/VerticalSliceTeam10/Castle Crashers/MovementTemplate
C:/Users/mikey/Documents/Ma/Bewijzenmap/X 2/Y 2 (Vertical Slice)/BO/VerticalSliceTeam10/Castle Crashers/MovementTemplate
Using Asset Import Pipeline V2.
Refreshing native plugins compatible for Editor in 24.27 ms, found 0 plugins.
Preloading 0 native plugins for Editor in 0.00 ms.
Initialize engine version: 2020.3.7f1 (dd97f2c94397)
[Subsystems] Discovering subsystems at path C:/Program Files/Unity/Hub/Editor/2020.3.7f1/Editor/Data/Resources/UnitySubsystems
[Subsystems] Discovering subsystems at path C:/Users/mikey/Documents/Ma/Bewijzenmap/X 2/Y 2 (Vertical Slice)/BO/VerticalSliceTeam10/Castle Crashers/MovementTemplate/Assets
GfxDevice: creating device client; threaded=0
Direct3D:
    Version:  Direct3D 11.0 [level 11.1]
    Renderer: NVIDIA GeForce GTX 1660 Ti (ID=0x2191)
    Vendor:   
    VRAM:     5991 MB
    Driver:   30.0.14.9709
Initialize mono
Mono path[0] = 'C:/Program Files/Unity/Hub/Editor/2020.3.7f1/Editor/Data/Managed'
Mono path[1] = 'C:/Program Files/Unity/Hub/Editor/2020.3.7f1/Editor/Data/MonoBleedingEdge/lib/mono/unityjit'
Mono config path = 'C:/Program Files/Unity/Hub/Editor/2020.3.7f1/Editor/Data/MonoBleedingEdge/etc'
Using monoOptions --debugger-agent=transport=dt_socket,embedding=1,server=y,suspend=n,address=127.0.0.1:56936
Begin MonoManager ReloadAssembly
Registering precompiled unity dll's ...
Register platform support module: C:/Program Files/Unity/Hub/Editor/2020.3.7f1/Editor/Data/PlaybackEngines/WindowsStandaloneSupport/UnityEditor.WindowsStandalone.Extensions.dll
Registered in 0.002431 seconds.
Native extension for WindowsStandalone target not found
Refreshing native plugins compatible for Editor in 23.67 ms, found 0 plugins.
Preloading 0 native plugins for Editor in 0.00 ms.
Mono: successfully reloaded assembly
- Completed reload, in  1.275 seconds
Platform modules already initialized, skipping
Registering precompiled user dll's ...
Registered in 0.000822 seconds.
Begin MonoManager ReloadAssembly
Native extension for WindowsStandalone target not found
Refreshing native plugins compatible for Editor in 0.18 ms, found 0 plugins.
Preloading 0 native plugins for Editor in 0.00 ms.
Mono: successfully reloaded assembly
- Completed reload, in  1.020 seconds
Platform modules already initialized, skipping
========================================================================
Worker process is ready to serve import requests
Launched and connected shader compiler UnityShaderCompiler.exe after 0.05 seconds
Refreshing native plugins compatible for Editor in 0.37 ms, found 0 plugins.
Preloading 0 native plugins for Editor in 0.00 ms.
Unloading 1116 Unused Serialized files (Serialized files now loaded: 0)
System memory in use before: 57.6 MB.
System memory in use after: 57.7 MB.

Unloading 10 unused Assets to reduce memory usage. Loaded Objects now: 1558.
Total: 2.501500 ms (FindLiveObjects: 0.280200 ms CreateObjectMapping: 0.266800 ms MarkObjects: 1.853000 ms  DeleteObjects: 0.099700 ms)

========================================================================
Received Import Request.
  path: Assets/Scripts/Movement.cs
  artifactKey: Guid(11723e96b9270854d839c048b7a3dd34) Importer(815301076,1909f56bfc062723c751e8b465ee728b)
Start importing Assets/Scripts/Movement.cs using Guid(11723e96b9270854d839c048b7a3dd34) Importer(815301076,1909f56bfc062723c751e8b465ee728b)  -> (artifact id: '1eadf7ebfdd0f9981d40469ee4eb4f9a') in 0.055939 seconds
  Import took 0.059333 seconds .

========================================================================
Received Import Request.
  Time since last request: 74.036180 seconds.
  path: Assets/Scripts/Movement.cs
  artifactKey: Guid(11723e96b9270854d839c048b7a3dd34) Importer(815301076,1909f56bfc062723c751e8b465ee728b)
Start importing Assets/Scripts/Movement.cs using Guid(11723e96b9270854d839c048b7a3dd34) Importer(815301076,1909f56bfc062723c751e8b465ee728b)  -> (artifact id: '876fda5eedfce5b826aa43afa502b257') in 0.003658 seconds
  Import took 0.005564 seconds .

========================================================================
Received Import Request.
  Time since last request: 1.129405 seconds.
  path: Assets/Scripts/Movement.cs
  artifactKey: Guid(11723e96b9270854d839c048b7a3dd34) Importer(815301076,1909f56bfc062723c751e8b465ee728b)
Start importing Assets/Scripts/Movement.cs using Guid(11723e96b9270854d839c048b7a3dd34) Importer(815301076,1909f56bfc062723c751e8b465ee728b)  -> (artifact id: '2416a813cd48cf62ef468dc96806c195') in 0.004392 seconds
  Import took 0.006895 seconds .

========================================================================
Received Prepare
Registering precompiled user dll's ...
Registered in 0.000672 seconds.
Begin MonoManager ReloadAssembly
Native extension for WindowsStandalone target not found
Refreshing native plugins compatible for Editor in 0.18 ms, found 0 plugins.
Preloading 0 native plugins for Editor in 0.00 ms.
Mono: successfully reloaded assembly
- Completed reload, in  0.770 seconds
Platform modules already initialized, skipping
Refreshing native plugins compatible for Editor in 0.18 ms, found 0 plugins.
Preloading 0 native plugins for Editor in 0.00 ms.
Unloading 1111 Unused Serialized files (Serialized files now loaded: 0)
System memory in use before: 57.6 MB.
System memory in use after: 57.6 MB.

Unloading 5 unused Assets to reduce memory usage. Loaded Objects now: 1561.
Total: 1.514200 ms (FindLiveObjects: 0.128500 ms CreateObjectMapping: 0.039000 ms MarkObjects: 1.298300 ms  DeleteObjects: 0.047200 ms)

========================================================================
Received Prepare
Registering precompiled user dll's ...
Registered in 0.002041 seconds.
Begin MonoManager ReloadAssembly
Native extension for WindowsStandalone target not found
Refreshing native plugins compatible for Editor in 0.24 ms, found 0 plugins.
Preloading 0 native plugins for Editor in 0.00 ms.
Mono: successfully reloaded assembly
- Completed reload, in  1.383 seconds
Platform modules already initialized, skipping
Refreshing native plugins compatible for Editor in 0.28 ms, found 0 plugins.
Preloading 0 native plugins for Editor in 0.00 ms.
Unloading 1111 Unused Serialized files (Serialized files now loaded: 0)
System memory in use before: 57.6 MB.
System memory in use after: 57.7 MB.

Unloading 5 unused Assets to reduce memory usage. Loaded Objects now: 1564.
Total: 2.344900 ms (FindLiveObjects: 0.263700 ms CreateObjectMapping: 0.099800 ms MarkObjects: 1.933600 ms  DeleteObjects: 0.046400 ms)

========================================================================
Received Import Request.
  Time since last request: 51.551518 seconds.
  path: Assets/Materials
  artifactKey: Guid(e3a5f354e973e4e428ccf846037ac298) Importer(815301076,1909f56bfc062723c751e8b465ee728b)
Start importing Assets/Materials using Guid(e3a5f354e973e4e428ccf846037ac298) Importer(815301076,1909f56bfc062723c751e8b465ee728b)  -> (artifact id: '5d22dfa49eac7aed072a3216a41376f3') in 0.015119 seconds
  Import took 0.018124 seconds .

========================================================================
Received Import Request.
  Time since last request: 0.001645 seconds.
  path: Assets/Materials
  artifactKey: Guid(e3a5f354e973e4e428ccf846037ac298) Importer(815301076,1909f56bfc062723c751e8b465ee728b)
Start importing Assets/Materials using Guid(e3a5f354e973e4e428ccf846037ac298) Importer(815301076,1909f56bfc062723c751e8b465ee728b)  -> (artifact id: '5d22dfa49eac7aed072a3216a41376f3') in 0.007381 seconds
  Import took 0.012866 seconds .

========================================================================
Received Import Request.
  Time since last request: 4.917959 seconds.
  path: Assets/Materials/New Material.mat
  artifactKey: Guid(d63b041ec0da3cd439301a4d53d08898) Importer(815301076,1909f56bfc062723c751e8b465ee728b)
Start importing Assets/Materials/New Material.mat using Guid(d63b041ec0da3cd439301a4d53d08898) Importer(815301076,1909f56bfc062723c751e8b465ee728b)  -> (artifact id: '9c848dc18b430cddc33b4ab82d736e74') in 0.133389 seconds
  Import took 0.136600 seconds .

========================================================================
Received Prepare
Registering precompiled user dll's ...
Registered in 0.002630 seconds.
Begin MonoManager ReloadAssembly
Native extension for WindowsStandalone target not found
Refreshing native plugins compatible for Editor in 0.19 ms, found 0 plugins.
Preloading 0 native plugins for Editor in 0.00 ms.
Mono: successfully reloaded assembly
- Completed reload, in  0.911 seconds
Platform modules already initialized, skipping
Refreshing native plugins compatible for Editor in 0.20 ms, found 0 plugins.
Preloading 0 native plugins for Editor in 0.00 ms.
Unloading 1111 Unused Serialized files (Serialized files now loaded: 0)
System memory in use before: 60.9 MB.
System memory in use after: 61.0 MB.

Unloading 5 unused Assets to reduce memory usage. Loaded Objects now: 1607.
Total: 2.169400 ms (FindLiveObjects: 0.320700 ms CreateObjectMapping: 0.053100 ms MarkObjects: 1.753700 ms  DeleteObjects: 0.040800 ms)

========================================================================
Received Import Request.
  Time since last request: 73.989236 seconds.
  path: Assets/Materials/New Material.mat
  artifactKey: Guid(d63b041ec0da3cd439301a4d53d08898) Importer(815301076,1909f56bfc062723c751e8b465ee728b)
Start importing Assets/Materials/New Material.mat using Guid(d63b041ec0da3cd439301a4d53d08898) Importer(815301076,1909f56bfc062723c751e8b465ee728b)  -> (artifact id: 'b015436d0b753b7d2cb7db2521f644fa') in 0.073958 seconds
  Import took 0.075906 seconds .

========================================================================
Received Prepare
Registering precompiled user dll's ...
Registered in 0.000861 seconds.
Begin MonoManager ReloadAssembly
Native extension for WindowsStandalone target not found
Refreshing native plugins compatible for Editor in 0.22 ms, found 0 plugins.
Preloading 0 native plugins for Editor in 0.00 ms.
Mono: successfully reloaded assembly
- Completed reload, in  0.943 seconds
Platform modules already initialized, skipping
Refreshing native plugins compatible for Editor in 0.20 ms, found 0 plugins.
Preloading 0 native plugins for Editor in 0.00 ms.
Unloading 1111 Unused Serialized files (Serialized files now loaded: 0)
System memory in use before: 60.9 MB.
System memory in use after: 61.0 MB.

Unloading 5 unused Assets to reduce memory usage. Loaded Objects now: 1611.
Total: 1.473100 ms (FindLiveObjects: 0.135700 ms CreateObjectMapping: 0.038000 ms MarkObjects: 1.252100 ms  DeleteObjects: 0.046100 ms)

========================================================================
Received Prepare
Registering precompiled user dll's ...
Registered in 0.000754 seconds.
Begin MonoManager ReloadAssembly
Native extension for WindowsStandalone target not found
Refreshing native plugins compatible for Editor in 0.20 ms, found 0 plugins.
Preloading 0 native plugins for Editor in 0.00 ms.
Mono: successfully reloaded assembly
- Completed reload, in  0.857 seconds
Platform modules already initialized, skipping
Refreshing native plugins compatible for Editor in 0.17 ms, found 0 plugins.
Preloading 0 native plugins for Editor in 0.00 ms.
Unloading 1111 Unused Serialized files (Serialized files now loaded: 0)
System memory in use before: 61.0 MB.
System memory in use after: 61.0 MB.

Unloading 5 unused Assets to reduce memory usage. Loaded Objects now: 1614.
Total: 1.705100 ms (FindLiveObjects: 0.137400 ms CreateObjectMapping: 0.036300 ms MarkObjects: 1.488900 ms  DeleteObjects: 0.041700 ms)

========================================================================
Received Prepare
Registering precompiled user dll's ...
Registered in 0.001121 seconds.
Begin MonoManager ReloadAssembly
Native extension for WindowsStandalone target not found
Refreshing native plugins compatible for Editor in 0.22 ms, found 0 plugins.
Preloading 0 native plugins for Editor in 0.00 ms.
Mono: successfully reloaded assembly
- Completed reload, in  0.848 seconds
Platform modules already initialized, skipping
Refreshing native plugins compatible for Editor in 0.18 ms, found 0 plugins.
Preloading 0 native plugins for Editor in 0.00 ms.
Unloading 1111 Unused Serialized files (Serialized files now loaded: 0)
System memory in use before: 61.0 MB.
System memory in use after: 61.0 MB.

Unloading 5 unused Assets to reduce memory usage. Loaded Objects now: 1617.
Total: 1.581500 ms (FindLiveObjects: 0.135300 ms CreateObjectMapping: 0.073500 ms MarkObjects: 1.329200 ms  DeleteObjects: 0.042800 ms)

========================================================================
Received Import Request.
  Time since last request: 344.995361 seconds.
  path: Assets/Scripts/Movement.cs
  artifactKey: Guid(11723e96b9270854d839c048b7a3dd34) Importer(815301076,1909f56bfc062723c751e8b465ee728b)
Start importing Assets/Scripts/Movement.cs using Guid(11723e96b9270854d839c048b7a3dd34) Importer(815301076,1909f56bfc062723c751e8b465ee728b)  -> (artifact id: 'dde186c3ae70c8983c99eb116949f23c') in 0.007231 seconds
  Import took 0.009148 seconds .

========================================================================
Received Import Request.
  Time since last request: 0.031216 seconds.
  path: Assets/Scripts/Movement.cs
  artifactKey: Guid(11723e96b9270854d839c048b7a3dd34) Importer(815301076,1909f56bfc062723c751e8b465ee728b)
Start importing Assets/Scripts/Movement.cs using Guid(11723e96b9270854d839c048b7a3dd34) Importer(815301076,1909f56bfc062723c751e8b465ee728b)  -> (artifact id: 'dde186c3ae70c8983c99eb116949f23c') in 0.006850 seconds
  Import took 0.009567 seconds .

========================================================================
Received Prepare
Registering precompiled user dll's ...
Registered in 0.001134 seconds.
Begin MonoManager ReloadAssembly
Native extension for WindowsStandalone target not found
Refreshing native plugins compatible for Editor in 0.28 ms, found 0 plugins.
Preloading 0 native plugins for Editor in 0.00 ms.
Mono: successfully reloaded assembly
- Completed reload, in  0.965 seconds
Platform modules already initialized, skipping
Refreshing native plugins compatible for Editor in 0.17 ms, found 0 plugins.
Preloading 0 native plugins for Editor in 0.00 ms.
Unloading 1111 Unused Serialized files (Serialized files now loaded: 0)
System memory in use before: 61.0 MB.
System memory in use after: 61.0 MB.

Unloading 5 unused Assets to reduce memory usage. Loaded Objects now: 1620.
Total: 1.761100 ms (FindLiveObjects: 0.212000 ms CreateObjectMapping: 0.043900 ms MarkObjects: 1.444200 ms  DeleteObjects: 0.060200 ms)

AssetImportWorkerClient::OnTransportError - code=2 error=End of file
