Using pre-set license
Built from '2020.3/release' branch; Version is '2020.3.7f1 (dd97f2c94397) revision 14522354'; Using compiler version '192528614'; Build Type 'Release'
OS: 'Windows 10 Home; OS build 19042.1348; Version 2009; 64bit' Language: 'en' Physical Memory: 16233 MB
BatchMode: 1, IsHumanControllingUs: 0, StartBugReporterOnCrash: 0, Is64bit: 1, IsPro: 0

 COMMAND LINE ARGUMENTS:
C:\Program Files\Unity\Hub\Editor\2020.3.7f1\Editor\Unity.exe
-adb2
-batchMode
-noUpm
-name
AssetImportWorker0
-projectPath
C:/Users/mikey/Documents/Ma/Bewijzenmap/X 2/Y 2 (Vertical Slice)/BO/VerticalSliceTeam10/Castle Crashers/MovementTemplate
-logFile
Logs/AssetImportWorker0.log
-srvPort
62595
Successfully changed project path to: C:/Users/mikey/Documents/Ma/Bewijzenmap/X 2/Y 2 (Vertical Slice)/BO/VerticalSliceTeam10/Castle Crashers/MovementTemplate
C:/Users/mikey/Documents/Ma/Bewijzenmap/X 2/Y 2 (Vertical Slice)/BO/VerticalSliceTeam10/Castle Crashers/MovementTemplate
Using Asset Import Pipeline V2.
Refreshing native plugins compatible for Editor in 22.91 ms, found 0 plugins.
Preloading 0 native plugins for Editor in 0.00 ms.
Initialize engine version: 2020.3.7f1 (dd97f2c94397)
[Subsystems] Discovering subsystems at path C:/Program Files/Unity/Hub/Editor/2020.3.7f1/Editor/Data/Resources/UnitySubsystems
[Subsystems] Discovering subsystems at path C:/Users/mikey/Documents/Ma/Bewijzenmap/X 2/Y 2 (Vertical Slice)/BO/VerticalSliceTeam10/Castle Crashers/MovementTemplate/Assets
GfxDevice: creating device client; threaded=0
Direct3D:
    Version:  Direct3D 11.0 [level 11.1]
    Renderer: NVIDIA GeForce GTX 1660 Ti (ID=0x2191)
    Vendor:   
    VRAM:     5991 MB
    Driver:   30.0.14.9709
Initialize mono
Mono path[0] = 'C:/Program Files/Unity/Hub/Editor/2020.3.7f1/Editor/Data/Managed'
Mono path[1] = 'C:/Program Files/Unity/Hub/Editor/2020.3.7f1/Editor/Data/MonoBleedingEdge/lib/mono/unityjit'
Mono config path = 'C:/Program Files/Unity/Hub/Editor/2020.3.7f1/Editor/Data/MonoBleedingEdge/etc'
Using monoOptions --debugger-agent=transport=dt_socket,embedding=1,server=y,suspend=n,address=127.0.0.1:56180
Begin MonoManager ReloadAssembly
Registering precompiled unity dll's ...
Register platform support module: C:/Program Files/Unity/Hub/Editor/2020.3.7f1/Editor/Data/PlaybackEngines/WindowsStandaloneSupport/UnityEditor.WindowsStandalone.Extensions.dll
Registered in 0.002011 seconds.
Native extension for WindowsStandalone target not found
Refreshing native plugins compatible for Editor in 21.80 ms, found 0 plugins.
Preloading 0 native plugins for Editor in 0.00 ms.
Mono: successfully reloaded assembly
- Completed reload, in  1.086 seconds
Platform modules already initialized, skipping
Registering precompiled user dll's ...
Registered in 0.000732 seconds.
Begin MonoManager ReloadAssembly
Native extension for WindowsStandalone target not found
Refreshing native plugins compatible for Editor in 0.30 ms, found 0 plugins.
Preloading 0 native plugins for Editor in 0.00 ms.
Mono: successfully reloaded assembly
- Completed reload, in  0.889 seconds
Platform modules already initialized, skipping
========================================================================
Worker process is ready to serve import requests
Launched and connected shader compiler UnityShaderCompiler.exe after 0.05 seconds
Refreshing native plugins compatible for Editor in 0.33 ms, found 0 plugins.
Preloading 0 native plugins for Editor in 0.00 ms.
Unloading 1115 Unused Serialized files (Serialized files now loaded: 0)
System memory in use before: 57.6 MB.
System memory in use after: 57.6 MB.

Unloading 10 unused Assets to reduce memory usage. Loaded Objects now: 1557.
Total: 3.169500 ms (FindLiveObjects: 0.599600 ms CreateObjectMapping: 0.177200 ms MarkObjects: 2.280700 ms  DeleteObjects: 0.109400 ms)

========================================================================
Received Import Request.
  path: Assets
  artifactKey: Guid(00000000000000001000000000000000) Importer(815301076,1909f56bfc062723c751e8b465ee728b)
Start importing Assets using Guid(00000000000000001000000000000000) Importer(815301076,1909f56bfc062723c751e8b465ee728b)  -> (artifact id: '5f6a1853b736837ecfb0820a881449cb') in 0.010449 seconds
  Import took 0.014512 seconds .

========================================================================
Received Import Request.
  Time since last request: 0.727166 seconds.
  path: Assets/Scripts
  artifactKey: Guid(e83990cf9535abd46ade1a31cb65cdd0) Importer(815301076,1909f56bfc062723c751e8b465ee728b)
Start importing Assets/Scripts using Guid(e83990cf9535abd46ade1a31cb65cdd0) Importer(815301076,1909f56bfc062723c751e8b465ee728b)  -> (artifact id: 'f928ef8e95fb3bcf952358068bcda9de') in 0.011571 seconds
  Import took 0.015716 seconds .

========================================================================
Received Import Request.
  Time since last request: 0.000826 seconds.
  path: Assets/Scripts
  artifactKey: Guid(e83990cf9535abd46ade1a31cb65cdd0) Importer(815301076,1909f56bfc062723c751e8b465ee728b)
Start importing Assets/Scripts using Guid(e83990cf9535abd46ade1a31cb65cdd0) Importer(815301076,1909f56bfc062723c751e8b465ee728b)  -> (artifact id: 'f928ef8e95fb3bcf952358068bcda9de') in 0.003302 seconds
  Import took 0.007659 seconds .

========================================================================
Received Import Request.
  Time since last request: 6.075428 seconds.
  path: Assets/Scripts/Movement.cs
  artifactKey: Guid(11723e96b9270854d839c048b7a3dd34) Importer(815301076,1909f56bfc062723c751e8b465ee728b)
Start importing Assets/Scripts/Movement.cs using Guid(11723e96b9270854d839c048b7a3dd34) Importer(815301076,1909f56bfc062723c751e8b465ee728b)  -> (artifact id: 'e318cd6551456bc340f91bc636c0ca22') in 0.040646 seconds
  Import took 0.043697 seconds .

========================================================================
Received Import Request.
  Time since last request: 0.054843 seconds.
  path: Assets/Scripts/Movement.cs
  artifactKey: Guid(11723e96b9270854d839c048b7a3dd34) Importer(815301076,1909f56bfc062723c751e8b465ee728b)
Start importing Assets/Scripts/Movement.cs using Guid(11723e96b9270854d839c048b7a3dd34) Importer(815301076,1909f56bfc062723c751e8b465ee728b)  -> (artifact id: 'e318cd6551456bc340f91bc636c0ca22') in 0.002920 seconds
  Import took 0.005172 seconds .

========================================================================
Received Prepare
Registering precompiled user dll's ...
Registered in 0.000763 seconds.
Begin MonoManager ReloadAssembly
Native extension for WindowsStandalone target not found
Refreshing native plugins compatible for Editor in 0.21 ms, found 0 plugins.
Preloading 0 native plugins for Editor in 0.00 ms.
Mono: successfully reloaded assembly
- Completed reload, in  0.970 seconds
Platform modules already initialized, skipping
Refreshing native plugins compatible for Editor in 0.76 ms, found 0 plugins.
Preloading 0 native plugins for Editor in 0.00 ms.
Unloading 1111 Unused Serialized files (Serialized files now loaded: 0)
System memory in use before: 57.6 MB.
System memory in use after: 57.6 MB.

Unloading 5 unused Assets to reduce memory usage. Loaded Objects now: 1561.
Total: 3.893800 ms (FindLiveObjects: 0.337800 ms CreateObjectMapping: 0.408100 ms MarkObjects: 3.062300 ms  DeleteObjects: 0.082300 ms)

========================================================================
Received Prepare
Registering precompiled user dll's ...
Registered in 0.000784 seconds.
Begin MonoManager ReloadAssembly
Native extension for WindowsStandalone target not found
Refreshing native plugins compatible for Editor in 0.22 ms, found 0 plugins.
Preloading 0 native plugins for Editor in 0.00 ms.
Mono: successfully reloaded assembly
- Completed reload, in  1.200 seconds
Platform modules already initialized, skipping
Refreshing native plugins compatible for Editor in 0.21 ms, found 0 plugins.
Preloading 0 native plugins for Editor in 0.00 ms.
Unloading 1111 Unused Serialized files (Serialized files now loaded: 0)
System memory in use before: 57.6 MB.
System memory in use after: 57.7 MB.

Unloading 5 unused Assets to reduce memory usage. Loaded Objects now: 1564.
Total: 1.812100 ms (FindLiveObjects: 0.203100 ms CreateObjectMapping: 0.063500 ms MarkObjects: 1.495300 ms  DeleteObjects: 0.048500 ms)

========================================================================
Received Import Request.
  Time since last request: 255.200904 seconds.
  path: Assets/Scripts/Movement.cs
  artifactKey: Guid(11723e96b9270854d839c048b7a3dd34) Importer(815301076,1909f56bfc062723c751e8b465ee728b)
Start importing Assets/Scripts/Movement.cs using Guid(11723e96b9270854d839c048b7a3dd34) Importer(815301076,1909f56bfc062723c751e8b465ee728b)  -> (artifact id: 'ccd05a5a607c80287fcd07bf0f27e61e') in 0.005238 seconds
  Import took 0.009288 seconds .

========================================================================
Received Import Request.
  Time since last request: 1.934569 seconds.
  path: Assets/Scripts/Movement.cs
  artifactKey: Guid(11723e96b9270854d839c048b7a3dd34) Importer(815301076,1909f56bfc062723c751e8b465ee728b)
Start importing Assets/Scripts/Movement.cs using Guid(11723e96b9270854d839c048b7a3dd34) Importer(815301076,1909f56bfc062723c751e8b465ee728b)  -> (artifact id: 'ccd05a5a607c80287fcd07bf0f27e61e') in 0.003091 seconds
  Import took 0.005697 seconds .

========================================================================
Received Prepare
Registering precompiled user dll's ...
Registered in 0.000981 seconds.
Begin MonoManager ReloadAssembly
Native extension for WindowsStandalone target not found
Refreshing native plugins compatible for Editor in 0.22 ms, found 0 plugins.
Preloading 0 native plugins for Editor in 0.00 ms.
Mono: successfully reloaded assembly
- Completed reload, in  1.046 seconds
Platform modules already initialized, skipping
Refreshing native plugins compatible for Editor in 0.20 ms, found 0 plugins.
Preloading 0 native plugins for Editor in 0.00 ms.
Unloading 1111 Unused Serialized files (Serialized files now loaded: 0)
System memory in use before: 57.6 MB.
System memory in use after: 57.7 MB.

Unloading 5 unused Assets to reduce memory usage. Loaded Objects now: 1567.
Total: 1.781800 ms (FindLiveObjects: 0.148000 ms CreateObjectMapping: 0.043200 ms MarkObjects: 1.540100 ms  DeleteObjects: 0.049400 ms)

========================================================================
Received Prepare
Registering precompiled user dll's ...
Registered in 0.000793 seconds.
Begin MonoManager ReloadAssembly
Native extension for WindowsStandalone target not found
Refreshing native plugins compatible for Editor in 0.33 ms, found 0 plugins.
Preloading 0 native plugins for Editor in 0.00 ms.
Mono: successfully reloaded assembly
- Completed reload, in  1.017 seconds
Platform modules already initialized, skipping
Refreshing native plugins compatible for Editor in 0.22 ms, found 0 plugins.
Preloading 0 native plugins for Editor in 0.00 ms.
Unloading 1111 Unused Serialized files (Serialized files now loaded: 0)
System memory in use before: 57.6 MB.
System memory in use after: 57.7 MB.

Unloading 5 unused Assets to reduce memory usage. Loaded Objects now: 1570.
Total: 2.271800 ms (FindLiveObjects: 0.267800 ms CreateObjectMapping: 0.065300 ms MarkObjects: 1.850300 ms  DeleteObjects: 0.086500 ms)

AssetImportWorkerClient::OnTransportError - code=2 error=End of file
